<?xml version="1.0"?>
<testsuite name="HeadlessChrome 87.0.4280 (Mac OS X 11.0.0)" package="unit" timestamp="2020-12-15T07:08:59" id="0" hostname="EPMXGUAW0774s" tests="5" errors="0" failures="2" time="0.074">
  <properties>
    <property name="browser.fullName" value="Mozilla/5.0 (Macintosh; Intel Mac OS X 11_0_0) AppleWebKit/537.36 (KHTML, like Gecko) HeadlessChrome/87.0.4280.88 Safari/537.36"/>
  </properties>
  <testcase name="TemperatureConverter Typing value in Fahrenheit field gets correct Celsius value" time="0.042" classname=".TemperatureConverter"/>
  <testcase name="TemperatureConverter Typing value in Celsius field gets correct Fahrenheit value upto 1 decimal values" time="0.009" classname=".TemperatureConverter"/>
  <testcase name="TemperatureConverter Perform series of actions" time="0.009" classname=".TemperatureConverter">
    <failure type="">Error: Expected -12.222222222222221 to equal -12.2.
    at &lt;Jasmine&gt;
    at http://localhost:9876/_karma_webpack_/src/app/temperatureConverter/temperatureConverter.component.spec.ts:84:40
    at &lt;Jasmine&gt;
    at fulfilled (http://localhost:9876/_karma_webpack_/node_modules/tslib/tslib.es6.js:71:42)
</failure>
    <failure type="">Error: Expected 93.33333333333333 to equal 93.3.
    at &lt;Jasmine&gt;
    at http://localhost:9876/_karma_webpack_/src/app/temperatureConverter/temperatureConverter.component.spec.ts:92:40
    at &lt;Jasmine&gt;
    at fulfilled (http://localhost:9876/_karma_webpack_/node_modules/tslib/tslib.es6.js:71:42)
</failure>
  </testcase>
  <testcase name="TemperatureConverter Typing value in Fahrenheit field gets correct Celsius value upto 1 decimal values" time="0.007" classname=".TemperatureConverter">
    <failure type="">Error: Expected 37.77777777777778 to equal 37.8.
    at &lt;Jasmine&gt;
    at http://localhost:9876/_karma_webpack_/src/app/temperatureConverter/temperatureConverter.component.spec.ts:78:40
    at &lt;Jasmine&gt;
    at fulfilled (http://localhost:9876/_karma_webpack_/node_modules/tslib/tslib.es6.js:71:42)
</failure>
  </testcase>
  <testcase name="TemperatureConverter Typing value in Celsius field gets correct Fahrenheit value" time="0.007" classname=".TemperatureConverter"/>
  <system-out>
    <![CDATA[
]]>
  </system-out>
  <system-err/>
</testsuite>